[debug] [2022-07-16T10:41:57.886Z] ----------------------------------------------------------------------
[debug] [2022-07-16T10:41:57.888Z] Command:       C:\Program Files\nodejs\node.exe C:\Users\ayush\AppData\Roaming\npm\node_modules\firebase-tools\lib\bin\firebase.js init
[debug] [2022-07-16T10:41:57.889Z] CLI Version:   11.2.2
[debug] [2022-07-16T10:41:57.889Z] Platform:      win32
[debug] [2022-07-16T10:41:57.889Z] Node Version:  v16.15.1
[debug] [2022-07-16T10:41:57.890Z] Time:          Sat Jul 16 2022 16:11:57 GMT+0530 (India Standard Time)
[debug] [2022-07-16T10:41:57.891Z] ----------------------------------------------------------------------
[debug] 
[debug] [2022-07-16T10:41:57.897Z] > command requires scopes: ["email","openid","https://www.googleapis.com/auth/cloudplatformprojects.readonly","https://www.googleapis.com/auth/firebase","https://www.googleapis.com/auth/cloud-platform"]
[debug] [2022-07-16T10:41:57.898Z] > authorizing via signed-in user (ayushkumar6936@gmail.com)
[info] 
     ######## #### ########  ######## ########     ###     ######  ########
     ##        ##  ##     ## ##       ##     ##  ##   ##  ##       ##
     ######    ##  ########  ######   ########  #########  ######  ######
     ##        ##  ##    ##  ##       ##     ## ##     ##       ## ##
     ##       #### ##     ## ######## ########  ##     ##  ######  ########

You're about to initialize a Firebase project in this directory:

  D:\Study\firebase-basics

[info] 
=== Project Setup
[info] 
[info] First, let's associate this project directory with a Firebase project.
[info] You can create multiple project aliases by running firebase use --add, 
[info] but for now we'll just set up a default project.
[info] 
[debug] [2022-07-16T10:44:21.555Z] >>> [apiv2][query] GET https://firebase.googleapis.com/v1beta1/projects pageSize=100
[debug] [2022-07-16T10:44:22.969Z] <<< [apiv2][status] GET https://firebase.googleapis.com/v1beta1/projects 200
[debug] [2022-07-16T10:44:22.969Z] <<< [apiv2][body] GET https://firebase.googleapis.com/v1beta1/projects [omitted]
[info] i  Using project fir-practice-3e049 (firebase-practice) 
[info] 
=== Hosting Setup
[info] 
[info] Your public directory is the folder (relative to your project directory) that
[info] will contain Hosting assets to be uploaded with firebase deploy. If you
[info] have a build process for your assets, use your build's output directory.
[info] 
[debug] [2022-07-16T10:44:59.634Z] ----------------------------------------------------------------------
[debug] [2022-07-16T10:44:59.636Z] Command:       C:\Program Files\nodejs\node.exe C:\Users\ayush\AppData\Roaming\npm\node_modules\firebase-tools\lib\bin\firebase.js init
[debug] [2022-07-16T10:44:59.637Z] CLI Version:   11.2.2
[debug] [2022-07-16T10:44:59.637Z] Platform:      win32
[debug] [2022-07-16T10:44:59.637Z] Node Version:  v16.15.1
[debug] [2022-07-16T10:44:59.638Z] Time:          Sat Jul 16 2022 16:14:59 GMT+0530 (India Standard Time)
[debug] [2022-07-16T10:44:59.639Z] ----------------------------------------------------------------------
[debug] 
[debug] [2022-07-16T10:44:59.645Z] > command requires scopes: ["email","openid","https://www.googleapis.com/auth/cloudplatformprojects.readonly","https://www.googleapis.com/auth/firebase","https://www.googleapis.com/auth/cloud-platform"]
[debug] [2022-07-16T10:44:59.646Z] > authorizing via signed-in user (ayushkumar6936@gmail.com)
[info] 
     ######## #### ########  ######## ########     ###     ######  ########
     ##        ##  ##     ## ##       ##     ##  ##   ##  ##       ##
     ######    ##  ########  ######   ########  #########  ######  ######
     ##        ##  ##    ##  ##       ##     ## ##     ##       ## ##
     ##       #### ##     ## ######## ########  ##     ##  ######  ########

You're about to initialize a Firebase project in this directory:

  D:\Study\firebase-basics

[info] 
=== Project Setup
[info] 
[info] First, let's associate this project directory with a Firebase project.
[info] You can create multiple project aliases by running firebase use --add, 
[info] but for now we'll just set up a default project.
[info] 
[debug] [2022-07-16T10:45:14.608Z] >>> [apiv2][query] GET https://firebase.googleapis.com/v1beta1/projects pageSize=100
[debug] [2022-07-16T10:45:15.634Z] <<< [apiv2][status] GET https://firebase.googleapis.com/v1beta1/projects 200
[debug] [2022-07-16T10:45:15.634Z] <<< [apiv2][body] GET https://firebase.googleapis.com/v1beta1/projects [omitted]
[info] i  Using project fir-practice-3e049 (firebase-practice) 
[info] 
=== Hosting Setup
[info] 
[info] Your public directory is the folder (relative to your project directory) that
[info] will contain Hosting assets to be uploaded with firebase deploy. If you
[info] have a build process for your assets, use your build's output directory.
[info] 
[debug] [2022-07-16T10:45:40.780Z] >>> [apiv2][query] GET https://www.gstatic.com/firebasejs/releases.json [none]
[debug] [2022-07-16T10:45:41.082Z] <<< [apiv2][status] GET https://www.gstatic.com/firebasejs/releases.json 200
[debug] [2022-07-16T10:45:41.082Z] <<< [apiv2][body] GET https://www.gstatic.com/firebasejs/releases.json {"current":{"version":"9.9.0","browserURL":"https://www.gstatic.com/firebasejs/9.9.0/firebase.js","packageURL":"https://www.gstatic.com/firebasejs/9.9.0/firebase.tgz"},"live":{"version":"9.9","browserURL":"https://www.gstatic.com/firebasejs/live/9.9/firebase.js","packageURL":"https://www.gstatic.com/firebasejs/live/9.9/firebase.tgz"},"components":{"analytics":"https://www.gstatic.com/firebasejs/9.9.0/firebase-analytics.js","app":"https://www.gstatic.com/firebasejs/9.9.0/firebase-app.js","app-check":"https://www.gstatic.com/firebasejs/9.9.0/firebase-app-check.js","auth":"https://www.gstatic.com/firebasejs/9.9.0/firebase-auth.js","auth/cordova":"https://www.gstatic.com/firebasejs/9.9.0/firebase-auth/cordova.js","auth/react-native":"https://www.gstatic.com/firebasejs/9.9.0/firebase-auth/react-native.js","functions":"https://www.gstatic.com/firebasejs/9.9.0/firebase-functions.js","firestore":"https://www.gstatic.com/firebasejs/9.9.0/firebase-firestore.js","firestore/lite":"https://www.gstatic.com/firebasejs/9.9.0/firebase-firestore/lite.js","installations":"https://www.gstatic.com/firebasejs/9.9.0/firebase-installations.js","storage":"https://www.gstatic.com/firebasejs/9.9.0/firebase-storage.js","performance":"https://www.gstatic.com/firebasejs/9.9.0/firebase-performance.js","remote-config":"https://www.gstatic.com/firebasejs/9.9.0/firebase-remote-config.js","messaging":"https://www.gstatic.com/firebasejs/9.9.0/firebase-messaging.js","messaging/sw":"https://www.gstatic.com/firebasejs/9.9.0/firebase-messaging/sw.js","database":"https://www.gstatic.com/firebasejs/9.9.0/firebase-database.js","firestore.memory":"https://www.gstatic.com/firebasejs/9.9.0/firebase-firestore.memory.js"}}
[info] i  Skipping write of public/index.html 
[info] 
[info] i  Detected a .git folder at D:\Study\firebase-basics 
[info] i  Authorizing with GitHub to upload your service account to a GitHub repository's secrets store. 
[info] 
[info] Visit this URL on this device to log in:
[info] https://github.com/login/oauth/authorize?client_id=89cf50f02ac6aaed3484&state=755094475&redirect_uri=http%3A%2F%2Flocalhost%3A9005&scope=read%3Auser%20repo%20public_repo
[info] 
[info] Waiting for authentication...
[debug] [2022-07-16T10:45:55.616Z] >>> [apiv2][query] POST https://github.com/login/oauth/access_token [none]
[debug] [2022-07-16T10:45:55.616Z] >>> [apiv2][body] POST https://github.com/login/oauth/access_token [stream]
[debug] [2022-07-16T10:45:56.104Z] <<< [apiv2][status] POST https://github.com/login/oauth/access_token 200
[debug] [2022-07-16T10:45:56.104Z] <<< [apiv2][body] POST https://github.com/login/oauth/access_token {"access_token":"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","token_type":"bearer","scope":"read:user,repo"}
[debug] [2022-07-16T10:45:56.112Z] >>> [apiv2][query] GET https://api.github.com/user [none]
[debug] [2022-07-16T10:45:56.601Z] <<< [apiv2][status] GET https://api.github.com/user 200
[debug] [2022-07-16T10:45:56.602Z] <<< [apiv2][body] GET https://api.github.com/user {"login":"ayushdotdev","id":97295627,"node_id":"U_kgDOBcydCw","avatar_url":"https://avatars.githubusercontent.com/u/97295627?v=4","gravatar_id":"","url":"https://api.github.com/users/ayushdotdev","html_url":"https://github.com/ayushdotdev","followers_url":"https://api.github.com/users/ayushdotdev/followers","following_url":"https://api.github.com/users/ayushdotdev/following{/other_user}","gists_url":"https://api.github.com/users/ayushdotdev/gists{/gist_id}","starred_url":"https://api.github.com/users/ayushdotdev/starred{/owner}{/repo}","subscriptions_url":"https://api.github.com/users/ayushdotdev/subscriptions","organizations_url":"https://api.github.com/users/ayushdotdev/orgs","repos_url":"https://api.github.com/users/ayushdotdev/repos","events_url":"https://api.github.com/users/ayushdotdev/events{/privacy}","received_events_url":"https://api.github.com/users/ayushdotdev/received_events","type":"User","site_admin":false,"name":null,"company":null,"blog":"","location":null,"email":null,"hireable":null,"bio":null,"twitter_username":null,"public_repos":28,"public_gists":0,"followers":3,"following":17,"created_at":"2022-01-07T13:44:11Z","updated_at":"2022-07-05T18:15:05Z","private_gists":0,"total_private_repos":1,"owned_private_repos":1,"disk_usage":4713,"collaborators":0,"two_factor_authentication":false,"plan":{"name":"free","space":976562499,"collaborators":0,"private_repos":10000}}
[info] 
[info] +  Success! Logged into GitHub as ayushdotdev 
[info] 
